<?xml version="1.0" encoding="UTF-8" standalone="no"?>
<!DOCTYPE log SYSTEM "logger.dtd">
<log>
<record>
  <date>2024-06-14T13:22:20.920513800Z</date>
  <millis>1718371340920</millis>
  <nanos>513800</nanos>
  <sequence>0</sequence>
  <logger>jmetal.core.util.JMetalLogger</logger>
  <level>INFO</level>
  <class>jmetal.core.util.JMetalLogger</class>
  <method>configureLoggers</method>
  <thread>1</thread>
  <message>Loggers configured with null</message>
</record>
<record>
  <date>2024-06-14T13:22:20.999830100Z</date>
  <millis>1718371340999</millis>
  <nanos>830100</nanos>
  <sequence>1</sequence>
  <logger>jmetal.core.util.JMetalLogger</logger>
  <level>INFO</level>
  <class>jmetal.algorithm.examples.multiobjective.GAPRunner</class>
  <method>evaluateMetrics</method>
  <thread>1</thread>
  <message>Hypervolume: 0.5000467736310354</message>
</record>
<record>
  <date>2024-06-14T13:22:21.000829600Z</date>
  <millis>1718371341000</millis>
  <nanos>829600</nanos>
  <sequence>2</sequence>
  <logger>jmetal.core.util.JMetalLogger</logger>
  <level>INFO</level>
  <class>jmetal.algorithm.examples.multiobjective.GAPRunner</class>
  <method>evaluateMetrics</method>
  <thread>1</thread>
  <message>Set Coverage (A -&gt; B): 0.5</message>
</record>
</log>
